0 info it worked if it ends with ok
1 verbose cli [ 'C:\\Program Files\\nodejs\\node.exe',
1 verbose cli   'C:\\Users\\Amy\\AppData\\Roaming\\npm\\node_modules\\npm\\bin\\npm-cli.js',
1 verbose cli   'start' ]
2 info using npm@4.0.5
3 info using node@v6.9.4
4 verbose run-script [ 'prestart', 'start', 'poststart' ]
5 info lifecycle Assignment4@1.0.0~prestart: Assignment4@1.0.0
6 silly lifecycle Assignment4@1.0.0~prestart: no script for prestart, continuing
7 info lifecycle Assignment4@1.0.0~start: Assignment4@1.0.0
8 verbose lifecycle Assignment4@1.0.0~start: unsafe-perm in lifecycle true
9 verbose lifecycle Assignment4@1.0.0~start: PATH: C:\Users\Amy\AppData\Roaming\npm\node_modules\npm\bin\node-gyp-bin;C:\Users\Amy\Desktop\Boot5\node_modules\.bin;C:\Users\Amy\bin;C:\Program Files\Git\mingw64\bin;C:\Program Files\Git\usr\local\bin;C:\Program Files\Git\usr\bin;C:\Program Files\Git\usr\bin;C:\Program Files\Git\mingw64\bin;C:\Program Files\Git\usr\bin;C:\Users\Amy\bin;C:\MinGW\bin;C:\ProgramData\Oracle\Java\javapath;C:\Program Files (x86)\Intel\iCLS Client;C:\Program Files\Intel\iCLS Client;C:\Windows\system32;C:\Windows;C:\Windows\System32\Wbem;C:\Windows\System32\WindowsPowerShell\v1.0;C:\Program Files\Intel\Intel(R) Management Engine Components\DAL;C:\Program Files (x86)\Intel\Intel(R) Management Engine Components\DAL;C:\Program Files\Intel\Intel(R) Management Engine Components\IPT;C:\Program Files (x86)\Intel\Intel(R) Management Engine Components\IPT;C:\Program Files (x86)\Skype\Phone;C:\Program Files\Java\jdk1.8.0_71\bin;C:\Program Files\Intel\WiFi\bin;C:\Program Files\Common Files\Intel\WirelessCommon;C:\apache-maven-3.3.9\bin;C:\Program Files\nodejs;C:\Program Files\Microsoft SQL Server\110\Tools\Binn;C:\Program Files\Git\cmd;C:\Ruby22\bin;C:\Users\Amy\AppData\Roaming\npm;C:\Program Files\MongoDB\Server\3.4\bin;C:\cygwin64\bin;C:\Program Files\Heroku\bin;C:\Program Files\Git\usr\bin\vendor_perl;C:\Program Files\Git\usr\bin\core_perl
10 verbose lifecycle Assignment4@1.0.0~start: CWD: C:\Users\Amy\Desktop\Boot5
11 silly lifecycle Assignment4@1.0.0~start: Args: [ '/d /s /c', 'node server.js' ]
12 silly lifecycle Assignment4@1.0.0~start: Returned: code: 3221225786  signal: null
13 info lifecycle Assignment4@1.0.0~start: Failed to exec start script
14 verbose stack Error: Assignment4@1.0.0 start: `node server.js`
14 verbose stack Exit status 3221225786
14 verbose stack     at EventEmitter.<anonymous> (C:\Users\Amy\AppData\Roaming\npm\node_modules\npm\lib\utils\lifecycle.js:279:16)
14 verbose stack     at emitTwo (events.js:106:13)
14 verbose stack     at EventEmitter.emit (events.js:191:7)
14 verbose stack     at ChildProcess.<anonymous> (C:\Users\Amy\AppData\Roaming\npm\node_modules\npm\lib\utils\spawn.js:40:14)
14 verbose stack     at emitTwo (events.js:106:13)
14 verbose stack     at ChildProcess.emit (events.js:191:7)
14 verbose stack     at maybeClose (internal/child_process.js:877:16)
14 verbose stack     at Process.ChildProcess._handle.onexit (internal/child_process.js:226:5)
15 verbose pkgid Assignment4@1.0.0
16 verbose cwd C:\Users\Amy\Desktop\Boot5
17 error Windows_NT 6.3.9600
18 error argv "C:\\Program Files\\nodejs\\node.exe" "C:\\Users\\Amy\\AppData\\Roaming\\npm\\node_modules\\npm\\bin\\npm-cli.js" "start"
19 error node v6.9.4
20 error npm  v4.0.5
21 error code ELIFECYCLE
22 error Assignment4@1.0.0 start: `node server.js`
22 error Exit status 3221225786
23 error Failed at the Assignment4@1.0.0 start script 'node server.js'.
23 error Make sure you have the latest version of node.js and npm installed.
23 error If you do, this is most likely a problem with the Assignment4 package,
23 error not with npm itself.
23 error Tell the author that this fails on your system:
23 error     node server.js
23 error You can get information on how to open an issue for this project with:
23 error     npm bugs Assignment4
23 error Or if that isn't available, you can get their info via:
23 error     npm owner ls Assignment4
23 error There is likely additional logging output above.
24 verbose exit [ 1, true ]
